<?xml version="1.0" encoding="UTF-8"?>
<!-- Generated by org.testng.reporters.JUnitXMLReporter -->
<testsuite ignored="1" hostname="LAPTOP-VIJ7KV3T" failures="0" tests="2" name="module1" time="0.189" errors="0" timestamp="2023-10-30T10:49:41 IST">
  <testcase classname="module1.SampleTest1" name="test2" time="0.005"/>
  <testcase classname="module1.SampleTest1" name="searchItem" time="0.146"/>
  <testcase classname="module1.SampleTest2" name="test3" time="0.0">
    <ignored/>
  </testcase> <!-- test3 -->
</testsuite> <!-- module1 -->
