<?xml version="1.0" encoding="UTF-8"?>
<!-- Generated by org.testng.reporters.JUnitXMLReporter -->
<testsuite ignored="0" hostname="LAPTOP-VIJ7KV3T" failures="0" tests="3" name="Sample TestNG Tests" time="0.047" errors="0" timestamp="2023-10-30T09:17:47 IST">
  <testcase classname="test1.SampleTest1" name="test2" time="0.004"/>
  <testcase classname="test1.SampleTest1" name="test1" time="0.001"/>
  <testcase classname="test1.SampleTest2" name="test3" time="0.001"/>
</testsuite> <!-- Sample TestNG Tests -->
